At 2021-01-19 23:06:05 +0000 Robot buyer id=1001 tryed to buy a Camaro but there wasn't any on stock
At 2021-01-19 23:06:05 +0000 Robot buyer id=1001 tryed to buy a Corvette but there wasn't any on stock
At 2021-01-19 23:06:05 +0000 Robot buyer id=1001 tryed to buy a Camaro but there wasn't any on stock
At 2021-01-19 23:06:05 +0000 Robot buyer id=1001 tryed to buy a El Camino but there wasn't any on stock
At 2021-01-19 23:06:05 +0000 Robot buyer id=1001 tryed to buy a Nova but there wasn't any on stock
At 2021-01-19 23:06:05 +0000 Robot buyer id=1001 tryed to buy a Monte Carlo but there wasn't any on stock
At 2021-01-19 23:06:05 +0000 Robot buyer id=1001 tryed to buy a Nova but there wasn't any on stock
At 2021-01-19 23:07:04 +0000 Robot buyer id=1001 tryed to buy a Camaro but there wasn't any on stock
At 2021-01-19 23:07:04 +0000 Robot buyer id=1001 tryed to buy a Impala but there wasn't any on stock
 => The car {"id":1,"color":"#856DE6","storage":1,"model_id":9,"year":2021,"created_at":"2021-01-19T23:06:05.118Z","updated_at":"2021-01-19T23:07:05.286Z"}has defects
 => The car {"id":3,"color":"#7FAFBF","storage":1,"model_id":2,"year":2021,"created_at":"2021-01-19T23:06:05.159Z","updated_at":"2021-01-19T23:07:05.405Z"}has defects
 => The car {"id":6,"color":"#76A7BC","storage":1,"model_id":1,"year":2021,"created_at":"2021-01-19T23:06:05.195Z","updated_at":"2021-01-19T23:07:05.578Z"}has defects
 => The car {"id":7,"color":"#82A24E","storage":1,"model_id":4,"year":2021,"created_at":"2021-01-19T23:06:05.210Z","updated_at":"2021-01-19T23:07:05.663Z"}has defects
 => The car {"id":10,"color":"#81C53C","storage":1,"model_id":3,"year":2021,"created_at":"2021-01-19T23:06:05.260Z","updated_at":"2021-01-19T23:07:05.904Z"}has defects
At 2021-01-19 23:08:04 +0000 Robot buyer id=1001 tryed to buy a Stingray but there wasn't any on stock
At 2021-01-19 23:08:04 +0000 Robot buyer id=1001 tryed to buy a Stingray but there wasn't any on stock
At 2021-01-19 23:08:04 +0000 Robot buyer id=1001 tryed to buy a El Camino but there wasn't any on stock
  => System Reserved a Car for client : 1001 at reservation : 1
At 2021-01-19 23:08:04 +0000 Robot buyer id=1001 tryed to buy a Stingray but there wasn't any on stock
At 2021-01-19 23:08:05 +0000 Robot buyer id=1001 tryed to buy a Chevelle but there wasn't any on stock
  => System Reserved a Car for client : 1001 at reservation : 2
At 2021-01-19 23:08:05 +0000 Robot buyer id=1001 tryed to buy a Impala but there wasn't any on stock
At 2021-01-19 23:08:05 +0000 Robot buyer id=1001 tryed to buy a El Camino but there wasn't any on stock
At 2021-01-19 23:08:05 +0000 Robot buyer id=1001 tryed to buy a Nova but there wasn't any on stock
  => System Reserved a Car for client : 1001 at reservation : 3
At 2021-01-19 23:08:05 +0000 Robot buyer id=1001 tryed to buy a Camaro but there wasn't any on stock
 => The car {"id":11,"color":"#CF53E6","storage":1,"model_id":3,"year":2021,"created_at":"2021-01-19T23:07:04.703Z","updated_at":"2021-01-19T23:08:05.126Z"}has defects
 => The car {"id":15,"color":"#50A361","storage":1,"model_id":7,"year":2021,"created_at":"2021-01-19T23:07:04.779Z","updated_at":"2021-01-19T23:08:05.486Z"}has defects
 => The car {"id":16,"color":"#9D4736","storage":1,"model_id":7,"year":2021,"created_at":"2021-01-19T23:07:04.803Z","updated_at":"2021-01-19T23:08:05.553Z"}has defects
 => The car {"id":19,"color":"#B7F7E6","storage":1,"model_id":7,"year":2021,"created_at":"2021-01-19T23:07:04.899Z","updated_at":"2021-01-19T23:08:05.761Z"}has defects
At 2021-01-19 23:09:06 +0000 Robot buyer id=1001 tryed to buy a Impala but there wasn't any on stock
  => System Reserved a Car for client : 1001 at reservation : 4
At 2021-01-19 23:09:06 +0000 Robot buyer id=1001 tryed to buy a Stingray but there wasn't any on stock
 => The car {"id":24,"color":"#0843BB","storage":1,"model_id":5,"year":2021,"created_at":"2021-01-19T23:08:05.064Z","updated_at":"2021-01-19T23:09:06.432Z"}has defects
 => The car {"id":25,"color":"#58BF18","storage":1,"model_id":9,"year":2021,"created_at":"2021-01-19T23:08:05.082Z","updated_at":"2021-01-19T23:09:06.503Z"}has defects
 => The car {"id":28,"color":"#7AEE94","storage":1,"model_id":7,"year":2021,"created_at":"2021-01-19T23:08:05.160Z","updated_at":"2021-01-19T23:09:06.727Z"}has defects
 => The car {"id":30,"color":"#8FA23B","storage":1,"model_id":2,"year":2021,"created_at":"2021-01-19T23:08:05.207Z","updated_at":"2021-01-19T23:09:06.843Z"}has defects
 => The car {"id":22,"color":"#0A799C","storage":1,"model_id":2,"year":2021,"created_at":"2021-01-19T23:08:05.029Z","updated_at":"2021-01-19T23:09:06.946Z"}has defects
At 2021-01-19 23:10:04 +0000 Robot buyer id=1001 tryed to buy a Impala but there wasn't any on stock
  => System Reserved a Car for client : 1001 at reservation : 5
At 2021-01-19 23:10:04 +0000 Robot buyer id=1001 tryed to buy a Corvair but there wasn't any on stock
 => The car {"id":32,"color":"#63F8C7","storage":1,"model_id":1,"year":2021,"created_at":"2021-01-19T23:09:06.299Z","updated_at":"2021-01-19T23:10:04.419Z"}has defects
 => The car {"id":35,"color":"#BFF58F","storage":1,"model_id":7,"year":2021,"created_at":"2021-01-19T23:09:06.342Z","updated_at":"2021-01-19T23:10:04.675Z"}has defects
 => The car {"id":38,"color":"#44014E","storage":1,"model_id":6,"year":2021,"created_at":"2021-01-19T23:09:06.408Z","updated_at":"2021-01-19T23:10:04.920Z"}has defects
At 2021-01-19 23:11:05 +0000 Robot buyer id=1001 tryed to buy a Chevelle but there wasn't any on stock
  => System Reserved a Car for client : 1001 at reservation : 6
At 2021-01-19 23:11:05 +0000 Robot buyer id=1001 tryed to buy a El Camino but there wasn't any on stock
  => System Reserved a Car for client : 1001 at reservation : 7
At 2021-01-19 23:11:05 +0000 Robot buyer id=1001 tryed to buy a Impala but there wasn't any on stock
  => System Reserved a Car for client : 1001 at reservation : 8
At 2021-01-19 23:11:05 +0000 Robot buyer id=1001 tryed to buy a Stingray but there wasn't any on stock
  => System Reserved a Car for client : 1001 at reservation : 9
 => The car {"id":43,"color":"#C621C5","storage":1,"model_id":2,"year":2021,"created_at":"2021-01-19T23:10:04.326Z","updated_at":"2021-01-19T23:11:06.058Z"}has defects
 => The car {"id":44,"color":"#531032","storage":1,"model_id":4,"year":2021,"created_at":"2021-01-19T23:10:04.368Z","updated_at":"2021-01-19T23:11:06.143Z"}has defects
 => The car {"id":45,"color":"#8E3CF2","storage":1,"model_id":2,"year":2021,"created_at":"2021-01-19T23:10:04.389Z","updated_at":"2021-01-19T23:11:06.225Z"}has defects
 => The car {"id":47,"color":"#0FA99D","storage":1,"model_id":10,"year":2021,"created_at":"2021-01-19T23:10:04.431Z","updated_at":"2021-01-19T23:11:06.491Z"}has defects
At 2021-01-19 23:12:04 +0000 Robot buyer id=1001 tryed to buy a Chevelle but there wasn't any on stock
  => System Reserved a Car for client : 1001 at reservation : 10
 => The car {"id":55,"color":"#CCF3DF","storage":1,"model_id":7,"year":2021,"created_at":"2021-01-19T23:11:05.991Z","updated_at":"2021-01-19T23:12:05.270Z"}has defects
 => The car {"id":59,"color":"#52B1A6","storage":1,"model_id":6,"year":2021,"created_at":"2021-01-19T23:11:06.061Z","updated_at":"2021-01-19T23:12:05.507Z"}has defects
At 2021-01-19 23:13:04 +0000 Robot buyer id=1001 tryed to buy a Camaro but there wasn't any on stock
  => System Reserved a Car for client : 1001 at reservation : 11
At 2021-01-19 23:13:04 +0000 Robot buyer id=1001 tryed to buy a El Camino but there wasn't any on stock
  => System Reserved a Car for client : 1001 at reservation : 12
At 2021-01-19 23:13:04 +0000 Robot buyer id=1001 tryed to buy a Nova but there wasn't any on stock
  => System Reserved a Car for client : 1001 at reservation : 13
At 2021-01-19 23:13:04 +0000 Robot buyer id=1001 tryed to buy a Camaro but there wasn't any on stock
  => System Reserved a Car for client : 1001 at reservation : 14
At 2021-01-19 23:13:04 +0000 Robot buyer id=1001 tryed to buy a Stingray but there wasn't any on stock
  => System Reserved a Car for client : 1001 at reservation : 15
At 2021-01-19 23:13:04 +0000 Robot buyer id=1001 tryed to buy a Stingray but there wasn't any on stock
  => System Reserved a Car for client : 1001 at reservation : 16
 => The car {"id":64,"color":"#D7D98B","storage":1,"model_id":2,"year":2021,"created_at":"2021-01-19T23:12:04.709Z","updated_at":"2021-01-19T23:13:04.594Z"}has defects
 => The car {"id":69,"color":"#776F4D","storage":1,"model_id":8,"year":2021,"created_at":"2021-01-19T23:12:04.799Z","updated_at":"2021-01-19T23:13:05.056Z"}has defects
 => The car {"id":63,"color":"#70C628","storage":1,"model_id":4,"year":2021,"created_at":"2021-01-19T23:12:04.687Z","updated_at":"2021-01-19T23:13:05.113Z"}has defects
 => The car {"id":70,"color":"#150FBB","storage":1,"model_id":8,"year":2021,"created_at":"2021-01-19T23:12:04.823Z","updated_at":"2021-01-19T23:13:05.176Z"}has defects
At 2021-01-19 23:14:04 +0000 Robot buyer id=1001 tryed to buy a Bell Air but there wasn't any on stock
  => System Reserved a Car for client : 1001 at reservation : 17
 => The car {"id":71,"color":"#D30ABC","storage":1,"model_id":1,"year":2021,"created_at":"2021-01-19T23:13:04.499Z","updated_at":"2021-01-19T23:14:04.282Z"}has defects
 => The car {"id":75,"color":"#6442ED","storage":1,"model_id":7,"year":2021,"created_at":"2021-01-19T23:13:04.567Z","updated_at":"2021-01-19T23:14:04.712Z"}has defects
 => The car {"id":83,"color":"#CCDF30","storage":1,"model_id":5,"year":2021,"created_at":"2021-01-19T23:14:04.361Z","updated_at":"2021-01-19T23:15:06.359Z"}has defects
 => The car {"id":85,"color":"#976633","storage":1,"model_id":7,"year":2021,"created_at":"2021-01-19T23:14:04.395Z","updated_at":"2021-01-19T23:15:06.515Z"}has defects
At 2021-01-19 23:16:04 +0000 Robot buyer id=1001 tryed to buy a Stingray but there wasn't any on stock
  => System Reserved a Car for client : 1001 at reservation : 18
 => The car {"id":93,"color":"#72F943","storage":1,"model_id":4,"year":2021,"created_at":"2021-01-19T23:15:05.718Z","updated_at":"2021-01-19T23:16:04.117Z"}has defects
 => The car {"id":94,"color":"#CF15CB","storage":1,"model_id":3,"year":2021,"created_at":"2021-01-19T23:15:05.747Z","updated_at":"2021-01-19T23:16:04.189Z"}has defects
 => The car {"id":95,"color":"#9C6CA9","storage":1,"model_id":10,"year":2021,"created_at":"2021-01-19T23:15:05.759Z","updated_at":"2021-01-19T23:16:04.267Z"}has defects
 => The car {"id":96,"color":"#3AFDD6","storage":1,"model_id":4,"year":2021,"created_at":"2021-01-19T23:15:05.778Z","updated_at":"2021-01-19T23:16:04.360Z"}has defects
 => The car {"id":98,"color":"#DE04B2","storage":1,"model_id":6,"year":2021,"created_at":"2021-01-19T23:15:05.809Z","updated_at":"2021-01-19T23:16:04.531Z"}has defects
At 2021-01-19 23:17:04 +0000 Robot buyer id=1001 tryed to buy a Stingray but there wasn't any on stock
At 2021-01-19 23:17:04 +0000 Robot buyer id=1001 tryed to buy a Bell Air but there wasn't any on stock
  => System Reserved a Car for client : 1001 at reservation : 19
 => The car {"id":104,"color":"#656653","storage":1,"model_id":7,"year":2021,"created_at":"2021-01-19T23:16:04.043Z","updated_at":"2021-01-19T23:17:04.438Z"}has defects
 => The car {"id":105,"color":"#0815AC","storage":1,"model_id":2,"year":2021,"created_at":"2021-01-19T23:16:04.064Z","updated_at":"2021-01-19T23:17:04.479Z"}has defects
